k9mail/build/outputs/logs/manifest-merger-debug-report.txt
-- Merging decision tree log ---
permission#com.fsck.k9.debug.permission.READ_ATTACHMENT
INJECTED from src/main/AndroidManifest.xml:29:5-34:46
	android:label
		ADDED from src/main/AndroidManifest.xml:32:9-54
	android:protectionLevel
		ADDED from src/main/AndroidManifest.xml:34:9-44
	android:permissionGroup
		ADDED from src/main/AndroidManifest.xml:33:9-68
	android:description
		ADDED from src/main/AndroidManifest.xml:31:9-59
	android:name
		INJECTED from src/main/AndroidManifest.xml
		ADDED from src/main/AndroidManifest.xml:30:9-67
uses-permission#com.fsck.k9.debug.permission.READ_ATTACHMENT
INJECTED from src/main/AndroidManifest.xml:35:5-82
	android:name
		INJECTED from src/main/AndroidManifest.xml
		ADDED from src/main/AndroidManifest.xml:35:22-80
permission#com.fsck.k9.debug.permission.REMOTE_CONTROL
INJECTED from src/main/AndroidManifest.xml:37:5-42:46
	android:label
		ADDED from src/main/AndroidManifest.xml:40:9-53
	android:protectionLevel
		ADDED from src/main/AndroidManifest.xml:42:9-44
	android:permissionGroup
		ADDED from src/main/AndroidManifest.xml:41:9-68
	android:description
		ADDED from src/main/AndroidManifest.xml:39:9-58
	android:name
		INJECTED from src/main/AndroidManifest.xml
		ADDED from src/main/AndroidManifest.xml:38:9-66
uses-permission#com.fsck.k9.debug.permission.REMOTE_CONTROL
INJECTED from src/main/AndroidManifest.xml:43:5-81
	android:name
		INJECTED from src/main/AndroidManifest.xml
		ADDED from src/main/AndroidManifest.xml:43:22-79
permission#com.fsck.k9.debug.permission.READ_MESSAGES
INJECTED from src/main/AndroidManifest.xml:45:5-50:46
	android:label
		ADDED from src/main/AndroidManifest.xml:48:9-52
	android:protectionLevel
		ADDED from src/main/AndroidManifest.xml:50:9-44
	android:permissionGroup
		ADDED from src/main/AndroidManifest.xml:49:9-68
	android:description
		ADDED from src/main/AndroidManifest.xml:47:9-57
	android:name
		INJECTED from src/main/AndroidManifest.xml
		ADDED from src/main/AndroidManifest.xml:46:9-65
uses-permission#com.fsck.k9.debug.permission.READ_MESSAGES
INJECTED from src/main/AndroidManifest.xml:51:5-80
	android:name
		INJECTED from src/main/AndroidManifest.xml
		ADDED from src/main/AndroidManifest.xml:51:22-78
permission#com.fsck.k9.debug.permission.DELETE_MESSAGES
INJECTED from src/main/AndroidManifest.xml:53:5-58:46
	android:label
		ADDED from src/main/AndroidManifest.xml:56:9-54
	android:protectionLevel
		ADDED from src/main/AndroidManifest.xml:58:9-44
	android:permissionGroup
		ADDED from src/main/AndroidManifest.xml:57:9-68
	android:description
		ADDED from src/main/AndroidManifest.xml:55:9-59
	android:name
		INJECTED from src/main/AndroidManifest.xml
		ADDED from src/main/AndroidManifest.xml:54:9-67
uses-permission#com.fsck.k9.debug.permission.DELETE_MESSAGES
INJECTED from src/main/AndroidManifest.xml:59:5-82
	android:name
		INJECTED from src/main/AndroidManifest.xml
		ADDED from src/main/AndroidManifest.xml:59:22-80
activity#com.fsck.k9.activity.setup.Prefs
INJECTED from src/main/AndroidManifest.xml:88:9-93:75
	android:label
		ADDED from src/main/AndroidManifest.xml:92:13-48
	android:excludeFromRecents
		ADDED from src/main/AndroidManifest.xml:91:13-46
	android:configChanges
		ADDED from src/main/AndroidManifest.xml:90:13-43
	android:taskAffinity
		INJECTED from src/main/AndroidManifest.xml
		ADDED from src/main/AndroidManifest.xml:93:13-73
	android:name
		ADDED from src/main/AndroidManifest.xml:89:13-49
receiver#com.fsck.k9.service.RemoteControlReceiver
INJECTED from src/main/AndroidManifest.xml:307:9-317:20
	android:enabled
		ADDED from src/main/AndroidManifest.xml:309:13-35
	android:permission
		INJECTED from src/main/AndroidManifest.xml
		ADDED from src/main/AndroidManifest.xml:310:13-76
	android:name
		ADDED from src/main/AndroidManifest.xml:308:13-58
action#com.fsck.k9.debug.K9RemoteControl.set
INJECTED from src/main/AndroidManifest.xml:312:17-78
	android:name
		INJECTED from src/main/AndroidManifest.xml
		ADDED from src/main/AndroidManifest.xml:312:25-76
action#com.fsck.k9.debug.K9RemoteControl.requestAccounts
INJECTED from src/main/AndroidManifest.xml:315:17-90
	android:name
		INJECTED from src/main/AndroidManifest.xml
		ADDED from src/main/AndroidManifest.xml:315:25-88
service#com.fsck.k9.service.RemoteControlService
INJECTED from src/main/AndroidManifest.xml:375:9-378:78
	android:enabled
		ADDED from src/main/AndroidManifest.xml:377:13-35
	android:permission
		INJECTED from src/main/AndroidManifest.xml
		ADDED from src/main/AndroidManifest.xml:378:13-76
	android:name
		ADDED from src/main/AndroidManifest.xml:376:13-57
provider#com.fsck.k9.provider.AttachmentProvider
INJECTED from src/main/AndroidManifest.xml:388:9-400:20
INJECTED from src/main/AndroidManifest.xml:388:9-400:20
	android:readPermission
		INJECTED from src/main/AndroidManifest.xml
		ADDED from src/main/AndroidManifest.xml:394:13-81
	android:grantUriPermissions
		ADDED from src/main/AndroidManifest.xml:392:13-47
	android:authorities
		INJECTED from src/main/AndroidManifest.xml
		ADDED from src/main/AndroidManifest.xml:390:13-70
	android:multiprocess
		ADDED from src/main/AndroidManifest.xml:393:13-40
	android:exported
		ADDED from src/main/AndroidManifest.xml:391:13-36
	android:name
		ADDED from src/main/AndroidManifest.xml:389:13-56
provider#com.fsck.k9.provider.MessageProvider
INJECTED from src/main/AndroidManifest.xml:402:9-409:84
INJECTED from src/main/AndroidManifest.xml:402:9-409:84
INJECTED from src/main/AndroidManifest.xml:402:9-409:84
	android:readPermission
		INJECTED from src/main/AndroidManifest.xml
		ADDED from src/main/AndroidManifest.xml:408:13-79
	android:grantUriPermissions
		ADDED from src/main/AndroidManifest.xml:406:13-47
	android:authorities
		INJECTED from src/main/AndroidManifest.xml
		ADDED from src/main/AndroidManifest.xml:404:13-67
	android:multiprocess
		ADDED from src/main/AndroidManifest.xml:407:13-40
	android:exported
		ADDED from src/main/AndroidManifest.xml:405:13-36
	android:name
		ADDED from src/main/AndroidManifest.xml:403:13-53
	android:writePermission
		INJECTED from src/main/AndroidManifest.xml
		ADDED from src/main/AndroidManifest.xml:409:13-82
provider#com.fsck.k9.provider.EmailProvider
INJECTED from src/main/AndroidManifest.xml:411:9-414:39
	android:authorities
		INJECTED from src/main/AndroidManifest.xml
		ADDED from src/main/AndroidManifest.xml:413:13-66
	android:exported
		ADDED from src/main/AndroidManifest.xml:414:13-37
	android:name
		ADDED from src/main/AndroidManifest.xml:412:13-51
provider#com.fsck.k9.provider.DecryptedFileProvider
INJECTED from src/main/AndroidManifest.xml:416:9-425:20
	android:grantUriPermissions
		ADDED from src/main/AndroidManifest.xml:420:13-47
	android:authorities
		INJECTED from src/main/AndroidManifest.xml
		ADDED from src/main/AndroidManifest.xml:418:13-73
	android:exported
		ADDED from src/main/AndroidManifest.xml:419:13-37
	android:name
		ADDED from src/main/AndroidManifest.xml:417:13-59
provider#com.fsck.k9.provider.AttachmentTempFileProvider
INJECTED from src/main/AndroidManifest.xml:427:9-436:20
	android:grantUriPermissions
		ADDED from src/main/AndroidManifest.xml:431:13-47
	android:authorities
		INJECTED from src/main/AndroidManifest.xml
		ADDED from src/main/AndroidManifest.xml:429:13-68
	android:exported
		ADDED from src/main/AndroidManifest.xml:430:13-37
	android:name
		ADDED from src/main/AndroidManifest.xml:428:13-64
manifest
ADDED from src/main/AndroidManifest.xml:2:1-439:12
INJECTED from src/main/AndroidManifest.xml:2:1-439:12
INJECTED from src/main/AndroidManifest.xml:2:1-439:12
INJECTED from src/main/AndroidManifest.xml:2:1-439:12
MERGED from [:k9mail-library] AndroidManifest.xml:2:1-8:12
MERGED from [:plugins:Android-PullToRefresh:library] AndroidManifest.xml:2:1-11:12
MERGED from [:plugins:HoloColorPicker] AndroidManifest.xml:2:1-11:12
MERGED from [:plugins:openpgp-api-lib:openpgp-api] AndroidManifest.xml:2:1-13:12
MERGED from [com.github.amlcurran.showcaseview:library:5.4.1] AndroidManifest.xml:17:1-26:12
MERGED from [com.android.support:support-v4:23.1.1] AndroidManifest.xml:17:1-24:12
MERGED from [de.cketti.library.changelog:ckchangelog:1.2.1] AndroidManifest.xml:2:1-12:12
MERGED from [com.splitwise:tokenautocomplete:2.0.7] AndroidManifest.xml:2:1-13:12
MERGED from [de.cketti.safecontentresolver:safe-content-resolver-v14:0.9.0] AndroidManifest.xml:2:1-12:12
MERGED from [de.cketti.safecontentresolver:safe-content-resolver-v21:0.9.0] AndroidManifest.xml:2:1-10:12
MERGED from [com.getkeepsafe.relinker:relinker:1.2.1] AndroidManifest.xml:2:1-9:12
INJECTED from src/main/AndroidManifest.xml:2:1-439:12
INJECTED from src/main/AndroidManifest.xml:2:1-439:12
INJECTED from src/main/AndroidManifest.xml:2:1-439:12
	package
		ADDED from src/main/AndroidManifest.xml:4:5-26
		INJECTED from src/main/AndroidManifest.xml
		INJECTED from src/main/AndroidManifest.xml
	android:versionName
		INJECTED from src/main/AndroidManifest.xml
		ADDED from src/main/AndroidManifest.xml:2:1-439:12
		INJECTED from src/main/AndroidManifest.xml
	android:versionCode
		INJECTED from src/main/AndroidManifest.xml
		ADDED from src/main/AndroidManifest.xml:2:1-439:12
		INJECTED from src/main/AndroidManifest.xml
	xmlns:android
		ADDED from src/main/AndroidManifest.xml:3:5-63
uses-feature#android.hardware.touchscreen
ADDED from src/main/AndroidManifest.xml:6:5-8:35
	android:required
		ADDED from src/main/AndroidManifest.xml:8:9-33
	android:name
		ADDED from src/main/AndroidManifest.xml:7:9-52
supports-screens
ADDED from src/main/AndroidManifest.xml:10:5-14:38
	android:largeScreens
		ADDED from src/main/AndroidManifest.xml:12:9-36
	android:smallScreens
		ADDED from src/main/AndroidManifest.xml:14:9-36
	android:normalScreens
		ADDED from src/main/AndroidManifest.xml:13:9-37
	android:anyDensity
		ADDED from src/main/AndroidManifest.xml:11:9-34
uses-permission#android.permission.RECEIVE_BOOT_COMPLETED
ADDED from src/main/AndroidManifest.xml:16:5-80
	android:name
		ADDED from src/main/AndroidManifest.xml:16:22-78
uses-permission#android.permission.READ_CONTACTS
ADDED from src/main/AndroidManifest.xml:17:5-71
	android:name
		ADDED from src/main/AndroidManifest.xml:17:22-69
uses-permission#android.permission.READ_SYNC_SETTINGS
ADDED from src/main/AndroidManifest.xml:18:5-76
	android:name
		ADDED from src/main/AndroidManifest.xml:18:22-74
uses-permission#android.permission.WRITE_CONTACTS
ADDED from src/main/AndroidManifest.xml:21:5-72
	android:name
		ADDED from src/main/AndroidManifest.xml:21:22-70
uses-permission#android.permission.ACCESS_NETWORK_STATE
ADDED from src/main/AndroidManifest.xml:23:5-78
	android:name
		ADDED from src/main/AndroidManifest.xml:23:22-76
uses-permission#android.permission.INTERNET
ADDED from src/main/AndroidManifest.xml:24:5-66
	android:name
		ADDED from src/main/AndroidManifest.xml:24:22-64
uses-permission#android.permission.VIBRATE
ADDED from src/main/AndroidManifest.xml:25:5-65
	android:name
		ADDED from src/main/AndroidManifest.xml:25:22-63
uses-permission#android.permission.WAKE_LOCK
ADDED from src/main/AndroidManifest.xml:26:5-67
	android:name
		ADDED from src/main/AndroidManifest.xml:26:22-65
uses-permission#android.permission.WRITE_EXTERNAL_STORAGE
ADDED from src/main/AndroidManifest.xml:27:5-80
	android:name
		ADDED from src/main/AndroidManifest.xml:27:22-78
application
ADDED from src/main/AndroidManifest.xml:62:5-438:19
MERGED from [:plugins:Android-PullToRefresh:library] AndroidManifest.xml:9:5-20
MERGED from [:plugins:Android-PullToRefresh:library] AndroidManifest.xml:9:5-20
MERGED from [:plugins:openpgp-api-lib:openpgp-api] AndroidManifest.xml:11:5-20
MERGED from [:plugins:openpgp-api-lib:openpgp-api] AndroidManifest.xml:11:5-20
MERGED from [com.android.support:support-v4:23.1.1] AndroidManifest.xml:22:5-20
MERGED from [com.android.support:support-v4:23.1.1] AndroidManifest.xml:22:5-20
MERGED from [de.cketti.library.changelog:ckchangelog:1.2.1] AndroidManifest.xml:10:5-20
MERGED from [de.cketti.library.changelog:ckchangelog:1.2.1] AndroidManifest.xml:10:5-20
MERGED from [com.splitwise:tokenautocomplete:2.0.7] AndroidManifest.xml:11:5-20
MERGED from [com.splitwise:tokenautocomplete:2.0.7] AndroidManifest.xml:11:5-20
MERGED from [de.cketti.safecontentresolver:safe-content-resolver-v14:0.9.0] AndroidManifest.xml:10:5-20
MERGED from [de.cketti.safecontentresolver:safe-content-resolver-v14:0.9.0] AndroidManifest.xml:10:5-20
MERGED from [de.cketti.safecontentresolver:safe-content-resolver-v21:0.9.0] AndroidManifest.xml:8:5-20
MERGED from [de.cketti.safecontentresolver:safe-content-resolver-v21:0.9.0] AndroidManifest.xml:8:5-20
	android:label
		ADDED from src/main/AndroidManifest.xml:66:9-41
	android:allowTaskReparenting
		ADDED from src/main/AndroidManifest.xml:64:9-45
	android:icon
		ADDED from src/main/AndroidManifest.xml:65:9-38
	android:allowBackup
		ADDED from src/main/AndroidManifest.xml:68:9-36
	android:theme
		ADDED from src/main/AndroidManifest.xml:67:9-48
	android:name
		ADDED from src/main/AndroidManifest.xml:63:9-26
meta-data#android.app.default_searchable
ADDED from src/main/AndroidManifest.xml:70:9-72:58
	android:value
		ADDED from src/main/AndroidManifest.xml:72:13-56
	android:name
		ADDED from src/main/AndroidManifest.xml:71:13-58
activity#com.fsck.k9.activity.Accounts
ADDED from src/main/AndroidManifest.xml:74:9-86:20
	android:label
		ADDED from src/main/AndroidManifest.xml:77:13-45
	android:launchMode
		ADDED from src/main/AndroidManifest.xml:78:13-43
	android:uiOptions
		ADDED from src/main/AndroidManifest.xml:79:13-57
	android:configChanges
		ADDED from src/main/AndroidManifest.xml:76:13-43
	android:name
		ADDED from src/main/AndroidManifest.xml:75:13-46
intent-filter#android.intent.action.MAIN+android.intent.category.DEFAULT+android.intent.category.LAUNCHER
ADDED from src/main/AndroidManifest.xml:80:13-85:29
action#android.intent.action.MAIN
ADDED from src/main/AndroidManifest.xml:81:17-68
	android:name
		ADDED from src/main/AndroidManifest.xml:81:25-66
category#android.intent.category.DEFAULT
ADDED from src/main/AndroidManifest.xml:83:17-75
	android:name
		ADDED from src/main/AndroidManifest.xml:83:27-73
category#android.intent.category.LAUNCHER
ADDED from src/main/AndroidManifest.xml:84:17-76
	android:name
		ADDED from src/main/AndroidManifest.xml:84:27-74
activity#com.fsck.k9.activity.setup.WelcomeMessage
ADDED from src/main/AndroidManifest.xml:95:9-98:60
	android:label
		ADDED from src/main/AndroidManifest.xml:98:13-58
	android:configChanges
		ADDED from src/main/AndroidManifest.xml:97:13-43
	android:name
		ADDED from src/main/AndroidManifest.xml:96:13-58
activity#com.fsck.k9.activity.setup.FontSizeSettings
ADDED from src/main/AndroidManifest.xml:100:9-103:63
	android:label
		ADDED from src/main/AndroidManifest.xml:103:13-61
	android:configChanges
		ADDED from src/main/AndroidManifest.xml:102:13-43
	android:name
		ADDED from src/main/AndroidManifest.xml:101:13-60
activity#com.fsck.k9.activity.setup.AccountSetupBasics
ADDED from src/main/AndroidManifest.xml:105:9-108:65
	android:label
		ADDED from src/main/AndroidManifest.xml:108:13-63
	android:configChanges
		ADDED from src/main/AndroidManifest.xml:107:13-43
	android:name
		ADDED from src/main/AndroidManifest.xml:106:13-62
activity#com.fsck.k9.activity.setup.AccountSetupAccountType
ADDED from src/main/AndroidManifest.xml:110:9-113:71
	android:label
		ADDED from src/main/AndroidManifest.xml:113:13-69
	android:configChanges
		ADDED from src/main/AndroidManifest.xml:112:13-43
	android:name
		ADDED from src/main/AndroidManifest.xml:111:13-67
activity#com.fsck.k9.activity.setup.AccountSetupIncoming
ADDED from src/main/AndroidManifest.xml:115:9-118:67
	android:label
		ADDED from src/main/AndroidManifest.xml:118:13-65
	android:configChanges
		ADDED from src/main/AndroidManifest.xml:117:13-43
	android:name
		ADDED from src/main/AndroidManifest.xml:116:13-64
activity#com.fsck.k9.activity.setup.AccountSetupComposition
ADDED from src/main/AndroidManifest.xml:120:9-123:73
	android:label
		ADDED from src/main/AndroidManifest.xml:123:13-71
	android:configChanges
		ADDED from src/main/AndroidManifest.xml:122:13-43
	android:name
		ADDED from src/main/AndroidManifest.xml:121:13-67
activity#com.fsck.k9.activity.setup.AccountSetupOutgoing
ADDED from src/main/AndroidManifest.xml:125:9-128:67
	android:label
		ADDED from src/main/AndroidManifest.xml:128:13-65
	android:configChanges
		ADDED from src/main/AndroidManifest.xml:127:13-43
	android:name
		ADDED from src/main/AndroidManifest.xml:126:13-64
activity#com.fsck.k9.activity.setup.AccountSetupOptions
ADDED from src/main/AndroidManifest.xml:130:9-133:66
	android:label
		ADDED from src/main/AndroidManifest.xml:133:13-64
	android:configChanges
		ADDED from src/main/AndroidManifest.xml:132:13-43
	android:name
		ADDED from src/main/AndroidManifest.xml:131:13-63
activity#com.fsck.k9.activity.setup.AccountSetupNames
ADDED from src/main/AndroidManifest.xml:135:9-138:64
	android:label
		ADDED from src/main/AndroidManifest.xml:138:13-62
	android:configChanges
		ADDED from src/main/AndroidManifest.xml:137:13-43
	android:name
		ADDED from src/main/AndroidManifest.xml:136:13-61
activity#com.fsck.k9.activity.ChooseFolder
ADDED from src/main/AndroidManifest.xml:140:9-145:52
	android:label
		ADDED from src/main/AndroidManifest.xml:143:13-56
	android:noHistory
		ADDED from src/main/AndroidManifest.xml:144:13-37
	android:configChanges
		ADDED from src/main/AndroidManifest.xml:142:13-43
	android:theme
		ADDED from src/main/AndroidManifest.xml:145:13-50
	android:name
		ADDED from src/main/AndroidManifest.xml:141:13-50
activity#com.fsck.k9.activity.ChooseIdentity
ADDED from src/main/AndroidManifest.xml:147:9-151:52
	android:label
		ADDED from src/main/AndroidManifest.xml:150:13-58
	android:configChanges
		ADDED from src/main/AndroidManifest.xml:149:13-43
	android:theme
		ADDED from src/main/AndroidManifest.xml:151:13-50
	android:name
		ADDED from src/main/AndroidManifest.xml:148:13-52
activity#com.fsck.k9.activity.ManageIdentities
ADDED from src/main/AndroidManifest.xml:153:9-156:62
	android:label
		ADDED from src/main/AndroidManifest.xml:156:13-60
	android:configChanges
		ADDED from src/main/AndroidManifest.xml:155:13-43
	android:name
		ADDED from src/main/AndroidManifest.xml:154:13-54
activity#com.fsck.k9.activity.EditIdentity
ADDED from src/main/AndroidManifest.xml:158:9-161:58
	android:label
		ADDED from src/main/AndroidManifest.xml:161:13-56
	android:configChanges
		ADDED from src/main/AndroidManifest.xml:160:13-43
	android:name
		ADDED from src/main/AndroidManifest.xml:159:13-50
activity#com.fsck.k9.activity.NotificationDeleteConfirmation
ADDED from src/main/AndroidManifest.xml:163:9-168:74
	android:excludeFromRecents
		ADDED from src/main/AndroidManifest.xml:165:13-46
	android:launchMode
		ADDED from src/main/AndroidManifest.xml:166:13-43
	android:theme
		ADDED from src/main/AndroidManifest.xml:168:13-72
	android:taskAffinity
		ADDED from src/main/AndroidManifest.xml:167:13-36
	android:name
		ADDED from src/main/AndroidManifest.xml:164:13-68
activity#com.fsck.k9.activity.setup.AccountSetupCheckSettings
ADDED from src/main/AndroidManifest.xml:172:9-175:73
	android:label
		ADDED from src/main/AndroidManifest.xml:175:13-71
	android:configChanges
		ADDED from src/main/AndroidManifest.xml:174:13-70
	android:name
		ADDED from src/main/AndroidManifest.xml:173:13-69
activity#com.fsck.k9.activity.setup.AccountSettings
ADDED from src/main/AndroidManifest.xml:177:9-180:65
	android:label
		ADDED from src/main/AndroidManifest.xml:180:13-63
	android:configChanges
		ADDED from src/main/AndroidManifest.xml:179:13-43
	android:name
		ADDED from src/main/AndroidManifest.xml:178:13-59
activity#com.fsck.k9.activity.setup.FolderSettings
ADDED from src/main/AndroidManifest.xml:182:9-186:58
	android:label
		ADDED from src/main/AndroidManifest.xml:185:13-58
	android:configChanges
		ADDED from src/main/AndroidManifest.xml:184:13-43
	android:theme
		ADDED from src/main/AndroidManifest.xml:186:13-56
	android:name
		ADDED from src/main/AndroidManifest.xml:183:13-58
activity#com.fsck.k9.activity.FolderList
ADDED from src/main/AndroidManifest.xml:188:9-196:20
	android:uiOptions
		ADDED from src/main/AndroidManifest.xml:191:13-57
	android:configChanges
		ADDED from src/main/AndroidManifest.xml:190:13-43
	android:name
		ADDED from src/main/AndroidManifest.xml:189:13-48
intent-filter#android.intent.action.MAIN
ADDED from src/main/AndroidManifest.xml:192:13-195:29
activity#com.fsck.k9.activity.MessageList
ADDED from src/main/AndroidManifest.xml:198:9-214:20
	android:launchMode
		ADDED from src/main/AndroidManifest.xml:201:13-43
	android:uiOptions
		ADDED from src/main/AndroidManifest.xml:202:13-57
	android:configChanges
		ADDED from src/main/AndroidManifest.xml:200:13-43
	android:name
		ADDED from src/main/AndroidManifest.xml:199:13-49
intent-filter#android.intent.action.VIEW+android.intent.category.DEFAULT
ADDED from src/main/AndroidManifest.xml:207:13-213:29
action#android.intent.action.VIEW
ADDED from src/main/AndroidManifest.xml:208:17-68
	android:name
		ADDED from src/main/AndroidManifest.xml:208:25-66
data
ADDED from src/main/AndroidManifest.xml:209:17-211:45
	android:host
		ADDED from src/main/AndroidManifest.xml:210:21-44
	android:scheme
		ADDED from src/main/AndroidManifest.xml:211:21-43
	android:mimeType
		ADDED from src/main/AndroidManifest.xml:228:23-45
activity#com.fsck.k9.activity.MessageCompose
ADDED from src/main/AndroidManifest.xml:216:9-243:20
	android:enabled
		ADDED from src/main/AndroidManifest.xml:219:13-36
	android:label
		ADDED from src/main/AndroidManifest.xml:220:13-45
	android:configChanges
		ADDED from src/main/AndroidManifest.xml:218:13-43
	android:name
		ADDED from src/main/AndroidManifest.xml:217:13-52
intent-filter#android.intent.action.SENDTO+android.intent.category.DEFAULT
ADDED from src/main/AndroidManifest.xml:221:13-225:29
action#android.intent.action.SENDTO
ADDED from src/main/AndroidManifest.xml:222:17-70
	android:name
		ADDED from src/main/AndroidManifest.xml:222:25-68
intent-filter#android.intent.action.SEND+android.intent.category.DEFAULT
ADDED from src/main/AndroidManifest.xml:226:13-230:29
action#android.intent.action.SEND
ADDED from src/main/AndroidManifest.xml:227:17-68
	android:name
		ADDED from src/main/AndroidManifest.xml:227:25-66
intent-filter#android.intent.action.SEND_MULTIPLE+android.intent.category.DEFAULT
ADDED from src/main/AndroidManifest.xml:231:13-235:29
action#android.intent.action.SEND_MULTIPLE
ADDED from src/main/AndroidManifest.xml:232:17-77
	android:name
		ADDED from src/main/AndroidManifest.xml:232:25-75
intent-filter#android.intent.action.VIEW+android.intent.category.BROWSABLE+android.intent.category.DEFAULT
ADDED from src/main/AndroidManifest.xml:236:13-242:29
category#android.intent.category.BROWSABLE
ADDED from src/main/AndroidManifest.xml:241:17-77
	android:name
		ADDED from src/main/AndroidManifest.xml:241:27-75
activity#com.fsck.k9.activity.Search
ADDED from src/main/AndroidManifest.xml:246:9-258:20
	android:label
		ADDED from src/main/AndroidManifest.xml:249:13-50
	android:uiOptions
		ADDED from src/main/AndroidManifest.xml:250:13-57
	android:configChanges
		ADDED from src/main/AndroidManifest.xml:248:13-43
	android:name
		ADDED from src/main/AndroidManifest.xml:247:13-44
intent-filter#android.intent.action.SEARCH+android.intent.category.DEFAULT
ADDED from src/main/AndroidManifest.xml:251:13-254:29
action#android.intent.action.SEARCH
ADDED from src/main/AndroidManifest.xml:252:17-70
	android:name
		ADDED from src/main/AndroidManifest.xml:252:25-68
meta-data#android.app.searchable
ADDED from src/main/AndroidManifest.xml:255:13-257:53
	android:resource
		ADDED from src/main/AndroidManifest.xml:257:17-51
	android:name
		ADDED from src/main/AndroidManifest.xml:256:17-54
activity#com.fsck.k9.activity.LauncherShortcuts
ADDED from src/main/AndroidManifest.xml:260:9-268:20
	android:label
		ADDED from src/main/AndroidManifest.xml:263:13-52
	android:configChanges
		ADDED from src/main/AndroidManifest.xml:262:13-43
	android:name
		ADDED from src/main/AndroidManifest.xml:261:13-55
intent-filter#android.intent.action.CREATE_SHORTCUT+android.intent.category.DEFAULT
ADDED from src/main/AndroidManifest.xml:264:13-267:29
action#android.intent.action.CREATE_SHORTCUT
ADDED from src/main/AndroidManifest.xml:265:17-79
	android:name
		ADDED from src/main/AndroidManifest.xml:265:25-77
activity#com.fsck.k9.activity.EmailAddressList
ADDED from src/main/AndroidManifest.xml:270:9-272:45
	android:configChanges
		ADDED from src/main/AndroidManifest.xml:272:13-43
	android:name
		ADDED from src/main/AndroidManifest.xml:271:13-54
activity#com.fsck.k9.activity.UnreadWidgetConfiguration
ADDED from src/main/AndroidManifest.xml:274:9-278:20
	android:name
		ADDED from src/main/AndroidManifest.xml:274:19-69
intent-filter#android.appwidget.action.APPWIDGET_CONFIGURE
ADDED from src/main/AndroidManifest.xml:275:13-277:29
action#android.appwidget.action.APPWIDGET_CONFIGURE
ADDED from src/main/AndroidManifest.xml:276:17-86
	android:name
		ADDED from src/main/AndroidManifest.xml:276:25-84
activity#com.fsck.k9.activity.UpgradeDatabases
ADDED from src/main/AndroidManifest.xml:280:9-282:62
	android:label
		ADDED from src/main/AndroidManifest.xml:282:13-60
	android:name
		ADDED from src/main/AndroidManifest.xml:281:13-54
receiver#com.fsck.k9.service.BootReceiver
ADDED from src/main/AndroidManifest.xml:284:9-305:20
	android:enabled
		ADDED from src/main/AndroidManifest.xml:286:13-35
	android:name
		ADDED from src/main/AndroidManifest.xml:285:13-49
intent-filter#android.intent.action.BOOT_COMPLETED
ADDED from src/main/AndroidManifest.xml:287:13-289:29
action#android.intent.action.BOOT_COMPLETED
ADDED from src/main/AndroidManifest.xml:288:17-78
	android:name
		ADDED from src/main/AndroidManifest.xml:288:25-76
intent-filter#android.intent.action.DEVICE_STORAGE_LOW
ADDED from src/main/AndroidManifest.xml:290:13-292:29
action#android.intent.action.DEVICE_STORAGE_LOW
ADDED from src/main/AndroidManifest.xml:291:17-82
	android:name
		ADDED from src/main/AndroidManifest.xml:291:25-80
intent-filter#android.intent.action.DEVICE_STORAGE_OK
ADDED from src/main/AndroidManifest.xml:293:13-295:29
action#android.intent.action.DEVICE_STORAGE_OK
ADDED from src/main/AndroidManifest.xml:294:17-81
	android:name
		ADDED from src/main/AndroidManifest.xml:294:25-79
intent-filter#android.net.conn.CONNECTIVITY_CHANGE
ADDED from src/main/AndroidManifest.xml:296:13-298:29
action#android.net.conn.CONNECTIVITY_CHANGE
ADDED from src/main/AndroidManifest.xml:297:17-78
	android:name
		ADDED from src/main/AndroidManifest.xml:297:25-76
intent-filter#android.net.conn.BACKGROUND_DATA_SETTING_CHANGED
ADDED from src/main/AndroidManifest.xml:299:13-301:29
action#android.net.conn.BACKGROUND_DATA_SETTING_CHANGED
ADDED from src/main/AndroidManifest.xml:300:17-90
	android:name
		ADDED from src/main/AndroidManifest.xml:300:25-88
intent-filter#com.android.sync.SYNC_CONN_STATUS_CHANGED
ADDED from src/main/AndroidManifest.xml:302:13-304:29
action#com.android.sync.SYNC_CONN_STATUS_CHANGED
ADDED from src/main/AndroidManifest.xml:303:17-83
	android:name
		ADDED from src/main/AndroidManifest.xml:303:25-81
receiver#com.fsck.k9.service.CoreReceiver
ADDED from src/main/AndroidManifest.xml:319:9-321:39
	android:exported
		ADDED from src/main/AndroidManifest.xml:321:13-37
	android:name
		ADDED from src/main/AndroidManifest.xml:320:13-49
receiver#com.fsck.k9.service.StorageReceiver
ADDED from src/main/AndroidManifest.xml:323:9-345:20
	android:enabled
		ADDED from src/main/AndroidManifest.xml:325:13-35
	android:name
		ADDED from src/main/AndroidManifest.xml:324:13-52
intent-filter#android.intent.action.MEDIA_MOUNTED
ADDED from src/main/AndroidManifest.xml:326:13-344:29
action#android.intent.action.MEDIA_MOUNTED
ADDED from src/main/AndroidManifest.xml:336:17-77
	android:name
		ADDED from src/main/AndroidManifest.xml:336:25-75
receiver#com.fsck.k9.provider.UnreadWidgetProvider
ADDED from src/main/AndroidManifest.xml:347:9-357:20
	android:label
		ADDED from src/main/AndroidManifest.xml:350:13-56
	android:icon
		ADDED from src/main/AndroidManifest.xml:349:13-42
	android:name
		ADDED from src/main/AndroidManifest.xml:348:13-58
intent-filter#android.appwidget.action.APPWIDGET_UPDATE
ADDED from src/main/AndroidManifest.xml:351:13-353:29
action#android.appwidget.action.APPWIDGET_UPDATE
ADDED from src/main/AndroidManifest.xml:352:17-83
	android:name
		ADDED from src/main/AndroidManifest.xml:352:25-81
meta-data#android.appwidget.provider
ADDED from src/main/AndroidManifest.xml:354:13-356:61
	android:resource
		ADDED from src/main/AndroidManifest.xml:356:17-59
	android:name
		ADDED from src/main/AndroidManifest.xml:355:17-58
service#com.fsck.k9.service.MailService
ADDED from src/main/AndroidManifest.xml:359:9-361:37
	android:enabled
		ADDED from src/main/AndroidManifest.xml:361:13-35
	android:name
		ADDED from src/main/AndroidManifest.xml:360:13-48
service#com.fsck.k9.notification.NotificationActionService
ADDED from src/main/AndroidManifest.xml:363:9-365:37
	android:enabled
		ADDED from src/main/AndroidManifest.xml:365:13-35
	android:name
		ADDED from src/main/AndroidManifest.xml:364:13-67
service#com.fsck.k9.service.PushService
ADDED from src/main/AndroidManifest.xml:367:9-369:37
	android:enabled
		ADDED from src/main/AndroidManifest.xml:369:13-35
	android:name
		ADDED from src/main/AndroidManifest.xml:368:13-48
service#com.fsck.k9.service.PollService
ADDED from src/main/AndroidManifest.xml:371:9-373:37
	android:enabled
		ADDED from src/main/AndroidManifest.xml:373:13-35
	android:name
		ADDED from src/main/AndroidManifest.xml:372:13-48
service#com.fsck.k9.service.SleepService
ADDED from src/main/AndroidManifest.xml:380:9-382:37
	android:enabled
		ADDED from src/main/AndroidManifest.xml:382:13-35
	android:name
		ADDED from src/main/AndroidManifest.xml:381:13-49
service#com.fsck.k9.service.DatabaseUpgradeService
ADDED from src/main/AndroidManifest.xml:384:9-386:39
	android:exported